#
# There is insufficient memory for the Java Runtime Environment to continue.
# Native memory allocation (malloc) failed to allocate 32744 bytes. Error detail: Chunk::new
# Possible reasons:
#   The system is out of physical RAM or swap space
#   This process is running with CompressedOops enabled, and the Java Heap may be blocking the growth of the native heap
# Possible solutions:
#   Reduce memory load on the system
#   Increase physical memory or swap space
#   Check if swap backing store is full
#   Decrease Java heap size (-Xmx/-Xms)
#   Decrease number of Java threads
#   Decrease Java thread stack sizes (-Xss)
#   Set larger code cache with -XX:ReservedCodeCacheSize=
#   JVM is running with Zero Based Compressed Oops mode in which the Java heap is
#     placed in the first 32GB address space. The Java Heap base address is the
#     maximum limit for the native heap growth. Please use -XX:HeapBaseMinAddress
#     to set the Java Heap base and to place the Java Heap above 32GB virtual address.
# This output file may be truncated or incomplete.
#
#  Out of Memory Error (arena.cpp:149), pid=100580, tid=124920
#
# JRE version: OpenJDK Runtime Environment Temurin-23.0.1+11 (23.0.1+11) (build 23.0.1+11)
# Java VM: OpenJDK 64-Bit Server VM Temurin-23.0.1+11 (23.0.1+11, mixed mode, sharing, tiered, compressed oops, compressed class ptrs, g1 gc, windows-amd64)
# No core dump will be written. Minidumps are not enabled by default on client versions of Windows
#

---------------  S U M M A R Y ------------

Command Line: -ea -Dfile.encoding=UTF-8 -Dstdout.encoding=UTF-8 -Dstderr.encoding=UTF-8 -XX:+ShowCodeDetailsInExceptionMessages org.testng.remote.RemoteTestNG -serport 64660 -protocol json -d C:\Users\nimmy\eclipse-workspace\com.sevenrmartsupermarket\test-output C:\Users\nimmy\eclipse-workspace\com.sevenrmartsupermarket\src\main\resources\xml-suites\parallel.xml

Host: 12th Gen Intel(R) Core(TM) i5-1235U, 12 cores, 15G,  Windows 11 , 64 bit Build 26100 (10.0.26100.2454)
Time: Tue Jan 14 21:25:51 2025 India Standard Time elapsed time: 1232.892307 seconds (0d 0h 20m 32s)

---------------  T H R E A D  ---------------

Current thread (0x000001b2e676b8e0):  JavaThread "C2 CompilerThread0" daemon [_thread_in_native, id=124920, stack(0x000000741b900000,0x000000741ba00000) (1024K)]


Current CompileTask:
C2:1232892 6104       4       org.openqa.selenium.json.JsonOutput::write (62 bytes)

Stack: [0x000000741b900000,0x000000741ba00000]
Native frames: (J=compiled Java code, j=interpreted, Vv=VM code, C=native code)
V  [jvm.dll+0x6e8c79]  (no source info available)
V  [jvm.dll+0x8d9253]  (no source info available)
V  [jvm.dll+0x8db6de]  (no source info available)
V  [jvm.dll+0x8dbdb3]  (no source info available)
V  [jvm.dll+0x281aa6]  (no source info available)
V  [jvm.dll+0xbbb0f]  (no source info available)
V  [jvm.dll+0xbbd6b]  (no source info available)
V  [jvm.dll+0x6c23d7]  (no source info available)
V  [jvm.dll+0x624623]  (no source info available)
V  [jvm.dll+0x624319]  (no source info available)
V  [jvm.dll+0x623a9f]  (no source info available)
V  [jvm.dll+0x60cf5a]  (no source info available)
V  [jvm.dll+0x2541f2]  (no source info available)
V  [jvm.dll+0x24c95d]  (no source info available)
V  [jvm.dll+0x249f44]  (no source info available)
V  [jvm.dll+0x1c8ea0]  (no source info available)
V  [jvm.dll+0x25a13e]  (no source info available)
V  [jvm.dll+0x25840a]  (no source info available)
V  [jvm.dll+0x3f4706]  (no source info available)
V  [jvm.dll+0x8802ab]  (no source info available)
V  [jvm.dll+0x6e7485]  (no source info available)
C  [ucrtbase.dll+0x14ea0]  (no source info available)
C  [KERNEL32.DLL+0x2e8d7]  (no source info available)
C  [ntdll.dll+0xdfbcc]  (no source info available)

Lock stack of current Java thread (top to bottom):


---------------  P R O C E S S  ---------------

Threads class SMR info:
_java_thread_list=0x000001b2c6284650, length=38, elements={
0x000001b2c94a3b50, 0x000001b2e67488d0, 0x000001b2e6749430, 0x000001b2e6751b70,
0x000001b2e6752850, 0x000001b2e6754cf0, 0x000001b2e6758e00, 0x000001b2e676b8e0,
0x000001b2e676c540, 0x000001b2c5166d70, 0x000001b2c5174920, 0x000001b2c5e92a20,
0x000001b2c65089f0, 0x000001b2c68534b0, 0x000001b2c68562a0, 0x000001b2c6856930,
0x000001b2c6855c10, 0x000001b2c6853b40, 0x000001b2c6854860, 0x000001b2c71559c0,
0x000001b2c7158120, 0x000001b2c7156050, 0x000001b2c7154ca0, 0x000001b2c7155330,
0x000001b2c7156d70, 0x000001b2c7158e40, 0x000001b2c7159b60, 0x000001b2c7157400,
0x000001b2c71594d0, 0x000001b2c71566e0, 0x000001b2c71587b0, 0x000001b2c715a1f0,
0x000001b2c715a880, 0x000001b2c715af10, 0x000001b2c715b5a0, 0x000001b2c715bc30,
0x000001b2c715c2c0, 0x000001b2c5fa6f50
}

Java Threads: ( => current thread )
  0x000001b2c94a3b50 JavaThread "main"                              [_thread_blocked, id=106336, stack(0x000000741ab00000,0x000000741ac00000) (1024K)]
  0x000001b2e67488d0 JavaThread "Reference Handler"          daemon [_thread_blocked, id=116428, stack(0x000000741b300000,0x000000741b400000) (1024K)]
  0x000001b2e6749430 JavaThread "Finalizer"                  daemon [_thread_blocked, id=127144, stack(0x000000741b400000,0x000000741b500000) (1024K)]
  0x000001b2e6751b70 JavaThread "Signal Dispatcher"          daemon [_thread_blocked, id=93424, stack(0x000000741b500000,0x000000741b600000) (1024K)]
  0x000001b2e6752850 JavaThread "Attach Listener"            daemon [_thread_blocked, id=97136, stack(0x000000741b600000,0x000000741b700000) (1024K)]
  0x000001b2e6754cf0 JavaThread "Service Thread"             daemon [_thread_blocked, id=121164, stack(0x000000741b700000,0x000000741b800000) (1024K)]
  0x000001b2e6758e00 JavaThread "Monitor Deflation Thread"   daemon [_thread_blocked, id=64940, stack(0x000000741b800000,0x000000741b900000) (1024K)]
=>0x000001b2e676b8e0 JavaThread "C2 CompilerThread0"         daemon [_thread_in_native, id=124920, stack(0x000000741b900000,0x000000741ba00000) (1024K)]
  0x000001b2e676c540 JavaThread "C1 CompilerThread0"         daemon [_thread_blocked, id=97324, stack(0x000000741ba00000,0x000000741bb00000) (1024K)]
  0x000001b2c5166d70 JavaThread "Notification Thread"        daemon [_thread_blocked, id=116368, stack(0x000000741bb00000,0x000000741bc00000) (1024K)]
  0x000001b2c5174920 JavaThread "Common-Cleaner"             daemon [_thread_blocked, id=125880, stack(0x000000741bc00000,0x000000741bd00000) (1024K)]
  0x000001b2c5e92a20 JavaThread "ReaderThread"                      [_thread_in_native, id=105320, stack(0x000000741c000000,0x000000741c100000) (1024K)]
  0x000001b2c65089f0 JavaThread "Forwarding clickElement on session 8450c2bb13006087f1c59261bcd22880 to remote"        [_thread_blocked, id=77276, stack(0x000000741c900000,0x000000741ca00000) (1024K)]
  0x000001b2c68534b0 JavaThread "AsyncHttpClient-1-1"        daemon [_thread_blocked, id=124172, stack(0x000000741ca00000,0x000000741cb00000) (1024K)]
  0x000001b2c68562a0 JavaThread "Exec Default Executor"      daemon [_thread_in_native, id=107060, stack(0x000000741ce00000,0x000000741cf00000) (1024K)]
  0x000001b2c6856930 JavaThread "Exec Stream Pumper"         daemon [_thread_in_native, id=125452, stack(0x000000741cf00000,0x000000741d000000) (1024K)]
  0x000001b2c6855c10 JavaThread "Exec Stream Pumper"         daemon [_thread_in_native, id=104160, stack(0x000000741d000000,0x000000741d100000) (1024K)]
  0x000001b2c6853b40 JavaThread "Driver Service Executor"    daemon [_thread_blocked, id=127560, stack(0x000000741d100000,0x000000741d200000) (1024K)]
  0x000001b2c6854860 JavaThread "Driver Service Executor"    daemon [_thread_blocked, id=94328, stack(0x000000741d200000,0x000000741d300000) (1024K)]
  0x000001b2c71559c0 JavaThread "AsyncHttpClient-1-2"        daemon [_thread_in_native, id=122948, stack(0x000000741d700000,0x000000741d800000) (1024K)]
  0x000001b2c7158120 JavaThread "AsyncHttpClient-1-3"        daemon [_thread_in_native, id=119740, stack(0x000000741d800000,0x000000741d900000) (1024K)]
  0x000001b2c7156050 JavaThread "AsyncHttpClient-1-4"        daemon [_thread_in_native, id=127692, stack(0x000000741d900000,0x000000741da00000) (1024K)]
  0x000001b2c7154ca0 JavaThread "Exec Default Executor"      daemon [_thread_in_native, id=128248, stack(0x000000741db00000,0x000000741dc00000) (1024K)]
  0x000001b2c7155330 JavaThread "Exec Stream Pumper"         daemon [_thread_in_native, id=128260, stack(0x000000741dc00000,0x000000741dd00000) (1024K)]
  0x000001b2c7156d70 JavaThread "Exec Stream Pumper"         daemon [_thread_in_native, id=128264, stack(0x000000741dd00000,0x000000741de00000) (1024K)]
  0x000001b2c7158e40 JavaThread "Driver Service Executor"    daemon [_thread_blocked, id=128284, stack(0x000000741de00000,0x000000741df00000) (1024K)]
  0x000001b2c7159b60 JavaThread "Driver Service Executor"    daemon [_thread_blocked, id=128288, stack(0x000000741df00000,0x000000741e000000) (1024K)]
  0x000001b2c7157400 JavaThread "AsyncHttpClient-1-5"        daemon [_thread_in_native, id=128336, stack(0x000000741e000000,0x000000741e100000) (1024K)]
  0x000001b2c71594d0 JavaThread "AsyncHttpClient-1-6"        daemon [_thread_in_native, id=128988, stack(0x000000741da00000,0x000000741db00000) (1024K)]
  0x000001b2c71566e0 JavaThread "AsyncHttpClient-1-7"        daemon [_thread_in_native, id=128996, stack(0x000000741e100000,0x000000741e200000) (1024K)]
  0x000001b2c71587b0 JavaThread "Exec Default Executor"      daemon [_thread_in_native, id=128840, stack(0x000000741e300000,0x000000741e400000) (1024K)]
  0x000001b2c715a1f0 JavaThread "Exec Stream Pumper"         daemon [_thread_in_native, id=128852, stack(0x000000741e400000,0x000000741e500000) (1024K)]
  0x000001b2c715a880 JavaThread "Exec Stream Pumper"         daemon [_thread_in_native, id=128856, stack(0x000000741e500000,0x000000741e600000) (1024K)]
  0x000001b2c715af10 JavaThread "Driver Service Executor"    daemon [_thread_blocked, id=127760, stack(0x000000741e600000,0x000000741e700000) (1024K)]
  0x000001b2c715b5a0 JavaThread "Driver Service Executor"    daemon [_thread_blocked, id=112764, stack(0x000000741e700000,0x000000741e800000) (1024K)]
  0x000001b2c715bc30 JavaThread "AsyncHttpClient-1-8"        daemon [_thread_in_native, id=128940, stack(0x000000741e200000,0x000000741e300000) (1024K)]
  0x000001b2c715c2c0 JavaThread "AsyncHttpClient-1-9"        daemon [_thread_in_native, id=129424, stack(0x000000741e800000,0x000000741e900000) (1024K)]
  0x000001b2c5fa6f50 JavaThread "AsyncHttpClient-1-10"       daemon [_thread_in_native, id=129436, stack(0x000000741e900000,0x000000741ea00000) (1024K)]
Total: 38

Other Threads:
  0x000001b2e672da10 VMThread "VM Thread"                           [id=83648, stack(0x000000741b200000,0x000000741b300000) (1024K)]
  0x000001b2e671a400 WatcherThread "VM Periodic Task Thread"        [id=71948, stack(0x000000741b100000,0x000000741b200000) (1024K)]
  0x000001b2cb8c8eb0 WorkerThread "GC Thread#0"                     [id=125840, stack(0x000000741ac00000,0x000000741ad00000) (1024K)]
  0x000001b2c61ae2f0 WorkerThread "GC Thread#1"                     [id=127572, stack(0x000000741bd00000,0x000000741be00000) (1024K)]
  0x000001b2c61aeab0 WorkerThread "GC Thread#2"                     [id=89524, stack(0x000000741be00000,0x000000741bf00000) (1024K)]
  0x000001b2c60927e0 WorkerThread "GC Thread#3"                     [id=126008, stack(0x000000741c100000,0x000000741c200000) (1024K)]
  0x000001b2c609abb0 WorkerThread "GC Thread#4"                     [id=125496, stack(0x000000741c200000,0x000000741c300000) (1024K)]
  0x000001b2c5d7ad30 WorkerThread "GC Thread#5"                     [id=123332, stack(0x000000741c300000,0x000000741c400000) (1024K)]
  0x000001b2c5d915d0 WorkerThread "GC Thread#6"                     [id=126096, stack(0x000000741c400000,0x000000741c500000) (1024K)]
  0x000001b2c65b6a80 WorkerThread "GC Thread#7"                     [id=127940, stack(0x000000741cb00000,0x000000741cc00000) (1024K)]
  0x000001b2c661f6a0 WorkerThread "GC Thread#8"                     [id=127504, stack(0x000000741cc00000,0x000000741cd00000) (1024K)]
  0x000001b2c661fa50 WorkerThread "GC Thread#9"                     [id=127808, stack(0x000000741cd00000,0x000000741ce00000) (1024K)]
  0x000001b2cb8dd790 ConcurrentGCThread "G1 Main Marker"            [id=111976, stack(0x000000741ad00000,0x000000741ae00000) (1024K)]
  0x000001b2cb8df870 WorkerThread "G1 Conc#0"                       [id=106508, stack(0x000000741ae00000,0x000000741af00000) (1024K)]
  0x000001b2c661ef40 WorkerThread "G1 Conc#1"                       [id=127124, stack(0x000000741d500000,0x000000741d600000) (1024K)]
  0x000001b2c661f2f0 WorkerThread "G1 Conc#2"                       [id=124744, stack(0x000000741d600000,0x000000741d700000) (1024K)]
  0x000001b2e65e66d0 ConcurrentGCThread "G1 Refine#0"               [id=125404, stack(0x000000741af00000,0x000000741b000000) (1024K)]
  0x000001b2e65e7160 ConcurrentGCThread "G1 Service"                [id=98472, stack(0x000000741b000000,0x000000741b100000) (1024K)]
Total: 18

Threads with active compile tasks:
C2 CompilerThread0  1233010 6104       4       org.openqa.selenium.json.JsonOutput::write (62 bytes)
Total: 1

VM state: not at safepoint (normal execution)

VM Mutex/Monitor currently owned by a thread: None

Heap address: 0x0000000705200000, size: 4014 MB, Compressed Oops mode: Zero based, Oop shift amount: 3

CDS archive(s) mapped at: [0x000001b280000000-0x000001b280d70000-0x000001b280d70000), size 14090240, SharedBaseAddress: 0x000001b280000000, ArchiveRelocationMode: 1.
Compressed class space mapped at: 0x000001b281000000-0x000001b2c1000000, reserved size: 1073741824
Narrow klass base: 0x000001b280000000, Narrow klass shift: 0, Narrow klass range: 0x41000000

GC Precious Log:
 CardTable entry size: 512
 Card Set container configuration: InlinePtr #cards 4 size 8 Array Of Cards #cards 16 size 48 Howl #buckets 8 coarsen threshold 3686 Howl Bitmap #cards 512 size 80 coarsen threshold 460 Card regions per heap region 1 cards per card region 4096
 CPUs: 12 total, 12 available
 Memory: 16052M
 Large Page Support: Disabled
 NUMA Support: Disabled
 Compressed Oops: Enabled (Zero based)
 Heap Region Size: 2M
 Heap Min Capacity: 8M
 Heap Initial Capacity: 252M
 Heap Max Capacity: 4014M
 Pre-touch: Disabled
 Parallel Workers: 10
 Concurrent Workers: 3
 Concurrent Refinement Workers: 10
 Periodic GC: Disabled

Heap:
 garbage-first heap   total reserved 4110336K, committed 81920K, used 60253K [0x0000000705200000, 0x0000000800000000)
  region size 2048K, 11 young (22528K), 1 survivors (2048K)
 Metaspace       used 27376K, committed 27840K, reserved 1114112K
  class space    used 3247K, committed 3456K, reserved 1048576K

Heap Regions: E=young(eden), S=young(survivor), O=old, HS=humongous(starts), HC=humongous(continues), CS=collection set, F=free, TAMS=top-at-mark-start, PB=parsable bottom
|   0|0x0000000705200000, 0x0000000705400000, 0x0000000705400000|100%| O|  |TAMS 0x0000000705200000| PB 0x0000000705200000| Untracked |  0
|   1|0x0000000705400000, 0x0000000705600000, 0x0000000705600000|100%| O|  |TAMS 0x0000000705400000| PB 0x0000000705400000| Untracked |  0
|   2|0x0000000705600000, 0x0000000705800000, 0x0000000705800000|100%| O|  |TAMS 0x0000000705600000| PB 0x0000000705600000| Untracked |  0
|   3|0x0000000705800000, 0x0000000705a00000, 0x0000000705a00000|100%| O|  |TAMS 0x0000000705800000| PB 0x0000000705800000| Untracked |  0
|   4|0x0000000705a00000, 0x0000000705c00000, 0x0000000705c00000|100%| O|  |TAMS 0x0000000705a00000| PB 0x0000000705a00000| Untracked |  0
|   5|0x0000000705c00000, 0x0000000705e00000, 0x0000000705e00000|100%| O|  |TAMS 0x0000000705c00000| PB 0x0000000705c00000| Untracked |  0
|   6|0x0000000705e00000, 0x0000000706000000, 0x0000000706000000|100%| O|  |TAMS 0x0000000705e00000| PB 0x0000000705e00000| Untracked |  0
|   7|0x0000000706000000, 0x0000000706200000, 0x0000000706200000|100%| O|  |TAMS 0x0000000706000000| PB 0x0000000706000000| Untracked |  0
|   8|0x0000000706200000, 0x0000000706400000, 0x0000000706400000|100%| O|  |TAMS 0x0000000706200000| PB 0x0000000706200000| Untracked |  0
|   9|0x0000000706400000, 0x0000000706400000, 0x0000000706600000|  0%| F|  |TAMS 0x0000000706400000| PB 0x0000000706400000| Untracked |  0
|  10|0x0000000706600000, 0x0000000706800000, 0x0000000706800000|100%|HS|  |TAMS 0x0000000706600000| PB 0x0000000706600000| Complete |  0
|  11|0x0000000706800000, 0x0000000706a00000, 0x0000000706a00000|100%|HC|  |TAMS 0x0000000706800000| PB 0x0000000706800000| Complete |  0
|  12|0x0000000706a00000, 0x0000000706c00000, 0x0000000706c00000|100%|HC|  |TAMS 0x0000000706a00000| PB 0x0000000706a00000| Complete |  0
|  13|0x0000000706c00000, 0x0000000706e00000, 0x0000000706e00000|100%|HS|  |TAMS 0x0000000706c00000| PB 0x0000000706c00000| Complete |  0
|  14|0x0000000706e00000, 0x0000000707000000, 0x0000000707000000|100%|HC|  |TAMS 0x0000000706e00000| PB 0x0000000706e00000| Complete |  0
|  15|0x0000000707000000, 0x0000000707200000, 0x0000000707200000|100%|HC|  |TAMS 0x0000000707000000| PB 0x0000000707000000| Complete |  0
|  16|0x0000000707200000, 0x0000000707400000, 0x0000000707400000|100%| O|  |TAMS 0x0000000707200000| PB 0x0000000707200000| Untracked |  0
|  17|0x0000000707400000, 0x0000000707419bc0, 0x0000000707600000|  5%| O|  |TAMS 0x0000000707400000| PB 0x0000000707400000| Untracked |  0
|  18|0x0000000707600000, 0x0000000707600000, 0x0000000707800000|  0%| F|  |TAMS 0x0000000707600000| PB 0x0000000707600000| Untracked |  0
|  19|0x0000000707800000, 0x0000000707800000, 0x0000000707a00000|  0%| F|  |TAMS 0x0000000707800000| PB 0x0000000707800000| Untracked |  0
|  20|0x0000000707a00000, 0x0000000707c00000, 0x0000000707c00000|100%|HS|  |TAMS 0x0000000707a00000| PB 0x0000000707a00000| Complete |  0
|  21|0x0000000707c00000, 0x0000000707e00000, 0x0000000707e00000|100%|HC|  |TAMS 0x0000000707c00000| PB 0x0000000707c00000| Complete |  0
|  22|0x0000000707e00000, 0x0000000708000000, 0x0000000708000000|100%|HC|  |TAMS 0x0000000707e00000| PB 0x0000000707e00000| Complete |  0
|  23|0x0000000708000000, 0x0000000708200000, 0x0000000708200000|100%| O|  |TAMS 0x0000000708000000| PB 0x0000000708000000| Untracked |  0
|  24|0x0000000708200000, 0x00000007082bd860, 0x0000000708400000| 37%| S|CS|TAMS 0x0000000708200000| PB 0x0000000708200000| Complete |  0
|  25|0x0000000708400000, 0x0000000708400000, 0x0000000708600000|  0%| F|  |TAMS 0x0000000708400000| PB 0x0000000708400000| Untracked |  0
|  26|0x0000000708600000, 0x0000000708600000, 0x0000000708800000|  0%| F|  |TAMS 0x0000000708600000| PB 0x0000000708600000| Untracked |  0
|  27|0x0000000708800000, 0x0000000708800000, 0x0000000708a00000|  0%| F|  |TAMS 0x0000000708800000| PB 0x0000000708800000| Untracked |  0
|  28|0x0000000708a00000, 0x0000000708a00000, 0x0000000708c00000|  0%| F|  |TAMS 0x0000000708a00000| PB 0x0000000708a00000| Untracked |  0
|  29|0x0000000708c00000, 0x0000000708c00000, 0x0000000708e00000|  0%| F|  |TAMS 0x0000000708c00000| PB 0x0000000708c00000| Untracked |  0
|  30|0x0000000708e00000, 0x0000000708fbf308, 0x0000000709000000| 87%| E|  |TAMS 0x0000000708e00000| PB 0x0000000708e00000| Complete |  0
|  31|0x0000000709000000, 0x0000000709200000, 0x0000000709200000|100%| E|CS|TAMS 0x0000000709000000| PB 0x0000000709000000| Complete |  0
|  32|0x0000000709200000, 0x0000000709400000, 0x0000000709400000|100%| E|CS|TAMS 0x0000000709200000| PB 0x0000000709200000| Complete |  0
|  33|0x0000000709400000, 0x0000000709600000, 0x0000000709600000|100%| E|CS|TAMS 0x0000000709400000| PB 0x0000000709400000| Complete |  0
|  34|0x0000000709600000, 0x0000000709800000, 0x0000000709800000|100%| E|CS|TAMS 0x0000000709600000| PB 0x0000000709600000| Complete |  0
|  35|0x0000000709800000, 0x0000000709a00000, 0x0000000709a00000|100%| E|CS|TAMS 0x0000000709800000| PB 0x0000000709800000| Complete |  0
|  36|0x0000000709a00000, 0x0000000709c00000, 0x0000000709c00000|100%| E|CS|TAMS 0x0000000709a00000| PB 0x0000000709a00000| Complete |  0
| 115|0x0000000713800000, 0x0000000713a00000, 0x0000000713a00000|100%| E|CS|TAMS 0x0000000713800000| PB 0x0000000713800000| Complete |  0
| 116|0x0000000713a00000, 0x0000000713c00000, 0x0000000713c00000|100%| E|CS|TAMS 0x0000000713a00000| PB 0x0000000713a00000| Complete |  0
| 125|0x0000000714c00000, 0x0000000714e00000, 0x0000000714e00000|100%| E|CS|TAMS 0x0000000714c00000| PB 0x0000000714c00000| Complete |  0

Card table byte_map: [0x000001b2df430000,0x000001b2dfc10000] _byte_map_base: 0x000001b2dbc07000

Marking Bits: (CMBitMap*) 0x000001b2cb8c94d0
 Bits: [0x000001b2dfc10000, 0x000001b2e3ac8000)

Polling page: 0x000001b2cb010000

Metaspace:

Usage:
  Non-class:     23.56 MB used.
      Class:      3.17 MB used.
       Both:     26.73 MB used.

Virtual space:
  Non-class space:       64.00 MB reserved,      23.81 MB ( 37%) committed,  1 nodes.
      Class space:        1.00 GB reserved,       3.38 MB ( <1%) committed,  1 nodes.
             Both:        1.06 GB reserved,      27.19 MB (  2%) committed. 

Chunk freelists:
   Non-Class:  8.23 MB
       Class:  12.66 MB
        Both:  20.89 MB

MaxMetaspaceSize: unlimited
CompressedClassSpaceSize: 1.00 GB
Initial GC threshold: 21.00 MB
Current GC threshold: 45.31 MB
CDS: on
 - commit_granule_bytes: 65536.
 - commit_granule_words: 8192.
 - virtual_space_node_default_size: 8388608.
 - enlarge_chunks_in_place: 1.
 - use_allocation_guard: 0.


Internal statistics:

num_allocs_failed_limit: 3.
num_arena_births: 420.
num_arena_deaths: 0.
num_vsnodes_births: 2.
num_vsnodes_deaths: 0.
num_space_committed: 435.
num_space_uncommitted: 0.
num_chunks_returned_to_freelist: 3.
num_chunks_taken_from_freelist: 1181.
num_chunk_merges: 3.
num_chunk_splits: 777.
num_chunks_enlarged: 527.
num_inconsistent_stats: 0.

CodeHeap 'non-profiled nmethods': size=120064Kb used=2317Kb max_used=2317Kb free=117746Kb
 bounds [0x000001b2d71b0000, 0x000001b2d7420000, 0x000001b2de6f0000]
CodeHeap 'profiled nmethods': size=120000Kb used=7610Kb max_used=8544Kb free=112389Kb
 bounds [0x000001b2cf6f0000, 0x000001b2cff50000, 0x000001b2d6c20000]
CodeHeap 'non-nmethods': size=5696Kb used=1608Kb max_used=1665Kb free=4087Kb
 bounds [0x000001b2d6c20000, 0x000001b2d6e90000, 0x000001b2d71b0000]
CodeCache: size=245760Kb, used=11535Kb, max_used=12526Kb, free=234222Kb
 total_blobs=5870, nmethods=5199, adapters=576, full_count=0
Compilation: enabled, stopped_count=0, restarted_count=0

Compilation events (20 events):
Event: 1183.356 Thread 0x000001b2e676b8e0 nmethod 6094 0x000001b2d7308908 code [0x000001b2d7308a00, 0x000001b2d7308b48]
Event: 1191.345 Thread 0x000001b2e676b8e0 6095       4       com.google.common.collect.Maps$12::getValue (28 bytes)
Event: 1191.348 Thread 0x000001b2e676b8e0 nmethod 6095 0x000001b2d7390488 code [0x000001b2d7390600, 0x000001b2d7390ad0]
Event: 1205.005 Thread 0x000001b2e676b8e0 6096       4       org.openqa.selenium.SharedCapabilitiesMethods::abbreviate (274 bytes)
Event: 1205.125 Thread 0x000001b2e676b8e0 nmethod 6096 0x000001b2d73ebb88 code [0x000001b2d73ec0e0, 0x000001b2d73f0df8]
Event: 1208.418 Thread 0x000001b2e676b8e0 6097       4       java.util.Collections$UnmodifiableMap::get (11 bytes)
Event: 1208.419 Thread 0x000001b2e676b8e0 nmethod 6097 0x000001b2d723df08 code [0x000001b2d723e000, 0x000001b2d723e0a8]
Event: 1209.591 Thread 0x000001b2e676b8e0 6098       4       com.google.common.collect.ImmutableMap::entrySet (5 bytes)
Event: 1209.593 Thread 0x000001b2e676b8e0 nmethod 6098 0x000001b2d723da88 code [0x000001b2d723dba0, 0x000001b2d723de40]
Event: 1214.027 Thread 0x000001b2e676b8e0 6099       4       java.util.HashMap$EntrySet::iterator (12 bytes)
Event: 1214.033 Thread 0x000001b2e676b8e0 nmethod 6099 0x000001b2d723d608 code [0x000001b2d723d720, 0x000001b2d723d9f0]
Event: 1215.160 Thread 0x000001b2e676b8e0 6100       4       java.util.AbstractQueue::add (20 bytes)
Event: 1215.163 Thread 0x000001b2e676b8e0 nmethod 6100 0x000001b2d723d188 code [0x000001b2d723d2a0, 0x000001b2d723d570]
Event: 1218.425 Thread 0x000001b2e676b8e0 6101       4       org.openqa.selenium.json.MapCoercer$$Lambda/0x000001b2812aa6d0::apply (24 bytes)
Event: 1218.430 Thread 0x000001b2e676b8e0 nmethod 6101 0x000001b2d73f1308 code [0x000001b2d73f1500, 0x000001b2d73f1c48]
Event: 1219.549 Thread 0x000001b2e676b8e0 6102       4       java.util.stream.SortedOps::makeRef (10 bytes)
Event: 1219.559 Thread 0x000001b2e676b8e0 nmethod 6102 0x000001b2d723c788 code [0x000001b2d723c8c0, 0x000001b2d723ce60]
Event: 1223.171 Thread 0x000001b2e676b8e0 6103       4       org.openqa.selenium.json.JsonOutput$Node::write (85 bytes)
Event: 1224.192 Thread 0x000001b2e676b8e0 nmethod 6103 0x000001b2d73f1d88 code [0x000001b2d73f1fe0, 0x000001b2d73f3470]
Event: 1230.812 Thread 0x000001b2e676b8e0 6104       4       org.openqa.selenium.json.JsonOutput::write (62 bytes)

GC Heap History (20 events):
Event: 3.804 GC heap before
{Heap before GC invocations=2 (full 0):
 garbage-first heap   total reserved 4110336K, committed 258048K, used 60158K [0x0000000705200000, 0x0000000800000000)
  region size 2048K, 25 young (51200K), 2 survivors (4096K)
 Metaspace       used 15946K, committed 16320K, reserved 1114112K
  class space    used 1878K, committed 2048K, reserved 1048576K
}
Event: 3.819 GC heap after
{Heap after GC invocations=3 (full 0):
 garbage-first heap   total reserved 4110336K, committed 258048K, used 18664K [0x0000000705200000, 0x0000000800000000)
  region size 2048K, 4 young (8192K), 4 survivors (8192K)
 Metaspace       used 15946K, committed 16320K, reserved 1114112K
  class space    used 1878K, committed 2048K, reserved 1048576K
}
Event: 4.774 GC heap before
{Heap before GC invocations=3 (full 0):
 garbage-first heap   total reserved 4110336K, committed 258048K, used 33000K [0x0000000705200000, 0x0000000800000000)
  region size 2048K, 13 young (26624K), 4 survivors (8192K)
 Metaspace       used 21212K, committed 21504K, reserved 1114112K
  class space    used 2558K, committed 2688K, reserved 1048576K
}
Event: 4.788 GC heap after
{Heap after GC invocations=4 (full 0):
 garbage-first heap   total reserved 4110336K, committed 258048K, used 21438K [0x0000000705200000, 0x0000000800000000)
  region size 2048K, 2 young (4096K), 2 survivors (4096K)
 Metaspace       used 21212K, committed 21504K, reserved 1114112K
  class space    used 2558K, committed 2688K, reserved 1048576K
}
Event: 14.371 GC heap before
{Heap before GC invocations=5 (full 0):
 garbage-first heap   total reserved 4110336K, committed 81920K, used 66494K [0x0000000705200000, 0x0000000800000000)
  region size 2048K, 20 young (40960K), 2 survivors (4096K)
 Metaspace       used 25980K, committed 26432K, reserved 1114112K
  class space    used 3232K, committed 3456K, reserved 1048576K
}
Event: 14.378 GC heap after
{Heap after GC invocations=6 (full 0):
 garbage-first heap   total reserved 4110336K, committed 81920K, used 35971K [0x0000000705200000, 0x0000000800000000)
  region size 2048K, 3 young (6144K), 3 survivors (6144K)
 Metaspace       used 25980K, committed 26432K, reserved 1114112K
  class space    used 3232K, committed 3456K, reserved 1048576K
}
Event: 145.399 GC heap before
{Heap before GC invocations=6 (full 0):
 garbage-first heap   total reserved 4110336K, committed 81920K, used 68739K [0x0000000705200000, 0x0000000800000000)
  region size 2048K, 16 young (32768K), 3 survivors (6144K)
 Metaspace       used 26969K, committed 27392K, reserved 1114112K
  class space    used 3247K, committed 3456K, reserved 1048576K
}
Event: 145.403 GC heap after
{Heap after GC invocations=7 (full 0):
 garbage-first heap   total reserved 4110336K, committed 81920K, used 42509K [0x0000000705200000, 0x0000000800000000)
  region size 2048K, 1 young (2048K), 1 survivors (2048K)
 Metaspace       used 26969K, committed 27392K, reserved 1114112K
  class space    used 3247K, committed 3456K, reserved 1048576K
}
Event: 283.735 GC heap before
{Heap before GC invocations=7 (full 0):
 garbage-first heap   total reserved 4110336K, committed 81920K, used 67085K [0x0000000705200000, 0x0000000800000000)
  region size 2048K, 13 young (26624K), 1 survivors (2048K)
 Metaspace       used 27210K, committed 27648K, reserved 1114112K
  class space    used 3247K, committed 3456K, reserved 1048576K
}
Event: 283.736 GC heap after
{Heap after GC invocations=8 (full 0):
 garbage-first heap   total reserved 4110336K, committed 81920K, used 42328K [0x0000000705200000, 0x0000000800000000)
  region size 2048K, 1 young (2048K), 1 survivors (2048K)
 Metaspace       used 27210K, committed 27648K, reserved 1114112K
  class space    used 3247K, committed 3456K, reserved 1048576K
}
Event: 430.943 GC heap before
{Heap before GC invocations=9 (full 0):
 garbage-first heap   total reserved 4110336K, committed 81920K, used 68952K [0x0000000705200000, 0x0000000800000000)
  region size 2048K, 14 young (28672K), 1 survivors (2048K)
 Metaspace       used 27353K, committed 27776K, reserved 1114112K
  class space    used 3247K, committed 3456K, reserved 1048576K
}
Event: 430.947 GC heap after
{Heap after GC invocations=10 (full 0):
 garbage-first heap   total reserved 4110336K, committed 81920K, used 42345K [0x0000000705200000, 0x0000000800000000)
  region size 2048K, 1 young (2048K), 1 survivors (2048K)
 Metaspace       used 27353K, committed 27776K, reserved 1114112K
  class space    used 3247K, committed 3456K, reserved 1048576K
}
Event: 616.069 GC heap before
{Heap before GC invocations=10 (full 0):
 garbage-first heap   total reserved 4110336K, committed 81920K, used 71017K [0x0000000705200000, 0x0000000800000000)
  region size 2048K, 15 young (30720K), 1 survivors (2048K)
 Metaspace       used 27366K, committed 27840K, reserved 1114112K
  class space    used 3247K, committed 3456K, reserved 1048576K
}
Event: 616.072 GC heap after
{Heap after GC invocations=11 (full 0):
 garbage-first heap   total reserved 4110336K, committed 81920K, used 41816K [0x0000000705200000, 0x0000000800000000)
  region size 2048K, 1 young (2048K), 1 survivors (2048K)
 Metaspace       used 27366K, committed 27840K, reserved 1114112K
  class space    used 3247K, committed 3456K, reserved 1048576K
}
Event: 772.489 GC heap before
{Heap before GC invocations=11 (full 0):
 garbage-first heap   total reserved 4110336K, committed 81920K, used 70488K [0x0000000705200000, 0x0000000800000000)
  region size 2048K, 15 young (30720K), 1 survivors (2048K)
 Metaspace       used 27376K, committed 27840K, reserved 1114112K
  class space    used 3247K, committed 3456K, reserved 1048576K
}
Event: 772.492 GC heap after
{Heap after GC invocations=12 (full 0):
 garbage-first heap   total reserved 4110336K, committed 81920K, used 41812K [0x0000000705200000, 0x0000000800000000)
  region size 2048K, 1 young (2048K), 1 survivors (2048K)
 Metaspace       used 27376K, committed 27840K, reserved 1114112K
  class space    used 3247K, committed 3456K, reserved 1048576K
}
Event: 942.306 GC heap before
{Heap before GC invocations=13 (full 0):
 garbage-first heap   total reserved 4110336K, committed 81920K, used 72532K [0x0000000705200000, 0x0000000800000000)
  region size 2048K, 16 young (32768K), 1 survivors (2048K)
 Metaspace       used 27376K, committed 27840K, reserved 1114112K
  class space    used 3247K, committed 3456K, reserved 1048576K
}
Event: 942.310 GC heap after
{Heap after GC invocations=14 (full 0):
 garbage-first heap   total reserved 4110336K, committed 81920K, used 41829K [0x0000000705200000, 0x0000000800000000)
  region size 2048K, 1 young (2048K), 1 survivors (2048K)
 Metaspace       used 27376K, committed 27840K, reserved 1114112K
  class space    used 3247K, committed 3456K, reserved 1048576K
}
Event: 1113.948 GC heap before
{Heap before GC invocations=14 (full 0):
 garbage-first heap   total reserved 4110336K, committed 81920K, used 72549K [0x0000000705200000, 0x0000000800000000)
  region size 2048K, 16 young (32768K), 1 survivors (2048K)
 Metaspace       used 27376K, committed 27840K, reserved 1114112K
  class space    used 3247K, committed 3456K, reserved 1048576K
}
Event: 1113.955 GC heap after
{Heap after GC invocations=15 (full 0):
 garbage-first heap   total reserved 4110336K, committed 81920K, used 41821K [0x0000000705200000, 0x0000000800000000)
  region size 2048K, 1 young (2048K), 1 survivors (2048K)
 Metaspace       used 27376K, committed 27840K, reserved 1114112K
  class space    used 3247K, committed 3456K, reserved 1048576K
}

Dll operation events (11 events):
Event: 0.019 Loaded shared library C:\Users\nimmy\.p2\pool\plugins\org.eclipse.justj.openjdk.hotspot.jre.full.win32.x86_64_23.0.1.v20241024-1700\jre\bin\java.dll
Event: 0.324 Loaded shared library C:\Users\nimmy\.p2\pool\plugins\org.eclipse.justj.openjdk.hotspot.jre.full.win32.x86_64_23.0.1.v20241024-1700\jre\bin\net.dll
Event: 0.330 Loaded shared library C:\Users\nimmy\.p2\pool\plugins\org.eclipse.justj.openjdk.hotspot.jre.full.win32.x86_64_23.0.1.v20241024-1700\jre\bin\nio.dll
Event: 0.337 Loaded shared library C:\Users\nimmy\.p2\pool\plugins\org.eclipse.justj.openjdk.hotspot.jre.full.win32.x86_64_23.0.1.v20241024-1700\jre\bin\zip.dll
Event: 0.343 Loaded shared library C:\Users\nimmy\.p2\pool\plugins\org.eclipse.justj.openjdk.hotspot.jre.full.win32.x86_64_23.0.1.v20241024-1700\jre\bin\zip.dll
Event: 0.660 Loaded shared library C:\Users\nimmy\.p2\pool\plugins\org.eclipse.justj.openjdk.hotspot.jre.full.win32.x86_64_23.0.1.v20241024-1700\jre\bin\jimage.dll
Event: 0.883 Loaded shared library C:\Users\nimmy\.p2\pool\plugins\org.eclipse.justj.openjdk.hotspot.jre.full.win32.x86_64_23.0.1.v20241024-1700\jre\bin\verify.dll
Event: 1.083 Loaded shared library C:\Users\nimmy\.p2\pool\plugins\org.eclipse.justj.openjdk.hotspot.jre.full.win32.x86_64_23.0.1.v20241024-1700\jre\bin\extnet.dll
Event: 3.737 Loaded shared library C:\Users\nimmy\.p2\pool\plugins\org.eclipse.justj.openjdk.hotspot.jre.full.win32.x86_64_23.0.1.v20241024-1700\jre\bin\management.dll
Event: 3.750 Loaded shared library C:\Users\nimmy\.p2\pool\plugins\org.eclipse.justj.openjdk.hotspot.jre.full.win32.x86_64_23.0.1.v20241024-1700\jre\bin\management_ext.dll
Event: 3.953 Loaded shared library C:\Users\nimmy\.p2\pool\plugins\org.eclipse.justj.openjdk.hotspot.jre.full.win32.x86_64_23.0.1.v20241024-1700\jre\bin\sunmscapi.dll

Deoptimization events (20 events):
Event: 1034.394 Thread 0x000001b2c65089f0 Uncommon trap: trap_request=0xffffffbe fr.pc=0x000001b2d73d8588 relative=0x0000000000000f88
Event: 1034.394 Thread 0x000001b2c65089f0 Uncommon trap: reason=profile_predicate action=maybe_recompile pc=0x000001b2d73d8588 method=java.util.Iterator.forEachRemaining(Ljava/util/function/Consumer;)V @ 11 c2
Event: 1034.394 Thread 0x000001b2c65089f0 DEOPT PACKING pc=0x000001b2d73d8588 sp=0x000000741c9fdbd0
Event: 1034.394 Thread 0x000001b2c65089f0 DEOPT UNPACKING pc=0x000001b2d6c74402 sp=0x000000741c9fdbc0 mode 2
Event: 1034.394 Thread 0x000001b2c65089f0 Uncommon trap: trap_request=0xffffffbe fr.pc=0x000001b2d73d8588 relative=0x0000000000000f88
Event: 1034.394 Thread 0x000001b2c65089f0 Uncommon trap: reason=profile_predicate action=maybe_recompile pc=0x000001b2d73d8588 method=java.util.Iterator.forEachRemaining(Ljava/util/function/Consumer;)V @ 11 c2
Event: 1034.394 Thread 0x000001b2c65089f0 DEOPT PACKING pc=0x000001b2d73d8588 sp=0x000000741c9fdbd0
Event: 1034.394 Thread 0x000001b2c65089f0 DEOPT UNPACKING pc=0x000001b2d6c74402 sp=0x000000741c9fdbc0 mode 2
Event: 1035.572 Thread 0x000001b2c65089f0 Uncommon trap: trap_request=0xffffffbe fr.pc=0x000001b2d73d8588 relative=0x0000000000000f88
Event: 1035.572 Thread 0x000001b2c65089f0 Uncommon trap: reason=profile_predicate action=maybe_recompile pc=0x000001b2d73d8588 method=java.util.Iterator.forEachRemaining(Ljava/util/function/Consumer;)V @ 11 c2
Event: 1035.572 Thread 0x000001b2c65089f0 DEOPT PACKING pc=0x000001b2d73d8588 sp=0x000000741c9fdc00
Event: 1035.572 Thread 0x000001b2c65089f0 DEOPT UNPACKING pc=0x000001b2d6c74402 sp=0x000000741c9fdbf0 mode 2
Event: 1042.483 Thread 0x000001b2c715bc30 Uncommon trap: trap_request=0xffffff45 fr.pc=0x000001b2d739fb8c relative=0x00000000000017cc
Event: 1042.483 Thread 0x000001b2c715bc30 Uncommon trap: reason=unstable_if action=reinterpret pc=0x000001b2d739fb8c method=io.netty.buffer.PoolThreadCache.allocate(Lio/netty/buffer/PoolThreadCache$MemoryRegionCache;Lio/netty/buffer/PooledByteBuf;I)Z @ 30 c2
Event: 1042.483 Thread 0x000001b2c715bc30 DEOPT PACKING pc=0x000001b2d739fb8c sp=0x000000741e2fea40
Event: 1042.483 Thread 0x000001b2c715bc30 DEOPT UNPACKING pc=0x000001b2d6c74402 sp=0x000000741e2fe880 mode 2
Event: 1046.935 Thread 0x000001b2c715bc30 Uncommon trap: trap_request=0xfffffff4 fr.pc=0x000001b2d73dc89c relative=0x000000000000099c
Event: 1046.935 Thread 0x000001b2c715bc30 Uncommon trap: reason=null_check action=make_not_entrant pc=0x000001b2d73dc89c method=io.netty.buffer.PoolThreadCache$MemoryRegionCache.allocate(Lio/netty/buffer/PooledByteBuf;ILio/netty/buffer/PoolThreadCache;)Z @ 9 c2
Event: 1046.935 Thread 0x000001b2c715bc30 DEOPT PACKING pc=0x000001b2d73dc89c sp=0x000000741e2fed90
Event: 1046.935 Thread 0x000001b2c715bc30 DEOPT UNPACKING pc=0x000001b2d6c74402 sp=0x000000741e2fed78 mode 2

Classes loaded (20 events):
Event: 9.094 Loading class sun/nio/fs/WindowsPath$1
Event: 9.094 Loading class sun/nio/fs/WindowsPath$1 done
Event: 9.094 Loading class sun/nio/fs/WindowsChannelFactory$2
Event: 9.094 Loading class sun/nio/fs/WindowsChannelFactory$2 done
Event: 9.095 Loading class java/io/DeleteOnExitHook
Event: 9.095 Loading class java/io/DeleteOnExitHook done
Event: 9.095 Loading class java/io/DeleteOnExitHook$1
Event: 9.095 Loading class java/io/DeleteOnExitHook$1 done
Event: 9.096 Loading class sun/nio/ch/ChannelOutputStream
Event: 9.096 Loading class sun/nio/ch/ChannelOutputStream done
Event: 9.101 Loading class sun/nio/ch/SocketOutputStream
Event: 9.102 Loading class sun/nio/ch/SocketOutputStream done
Event: 9.105 Loading class java/util/concurrent/ConcurrentLinkedQueue$Itr
Event: 9.105 Loading class java/util/concurrent/ConcurrentLinkedQueue$Itr done
Event: 19.785 Loading class java/util/stream/SortedOps$RefSortingSink
Event: 19.785 Loading class java/util/stream/SortedOps$RefSortingSink done
Event: 19.789 Loading class java/lang/ThreadDeath
Event: 19.789 Loading class java/lang/ThreadDeath done
Event: 19.790 Loading class sun/misc/SharedSecrets
Event: 19.790 Loading class sun/misc/SharedSecrets done

Classes unloaded (0 events):
No events

Classes redefined (0 events):
No events

Internal exceptions (20 events):
Event: 4.652 Thread 0x000001b2c65089f0 Exception <a 'java/lang/NoSuchMethodError'{0x0000000713e6d560}: 'double java.lang.invoke.DirectMethodHandle$Holder.invokeVirtual(java.lang.Object, java.lang.Object)'> (0x0000000713e6d560) 
thrown [s\src\hotspot\share\interpreter\linkResolver.cpp, line 796]
Event: 4.653 Thread 0x000001b2c65089f0 Exception <a 'java/lang/NoSuchMethodError'{0x0000000713e735e0}: 'float java.lang.invoke.DirectMethodHandle$Holder.invokeVirtual(java.lang.Object, java.lang.Object)'> (0x0000000713e735e0) 
thrown [s\src\hotspot\share\interpreter\linkResolver.cpp, line 796]
Event: 4.654 Thread 0x000001b2c65089f0 Exception <a 'java/lang/NoSuchMethodError'{0x0000000713e7b798}: 'long java.lang.invoke.DirectMethodHandle$Holder.invokeVirtual(java.lang.Object, java.lang.Object)'> (0x0000000713e7b798) 
thrown [s\src\hotspot\share\interpreter\linkResolver.cpp, line 796]
Event: 4.700 Thread 0x000001b2c65089f0 Exception <a 'java/lang/NoSuchMethodError'{0x0000000713f9b970}: 'void java.lang.invoke.DirectMethodHandle$Holder.invokeSpecial(java.lang.Object, java.lang.Object, java.lang.Object, java.lang.Object, java.lang.Object)'> (0x0000000713f9b970) 
thrown [s\src\hotspot\share\interpreter\linkResolver.cpp, line 796]
Event: 4.703 Thread 0x000001b2c65089f0 Exception <a 'java/lang/NoSuchMethodError'{0x0000000713fa2208}: 'void java.lang.invoke.DirectMethodHandle$Holder.invokeStatic(java.lang.Object, java.lang.Object, int)'> (0x0000000713fa2208) 
thrown [s\src\hotspot\share\interpreter\linkResolver.cpp, line 796]
Event: 4.810 Thread 0x000001b2c65089f0 Exception <a 'java/lang/NoSuchMethodError'{0x0000000714c40cb0}: 'int java.lang.invoke.DirectMethodHandle$Holder.invokeSpecialIFC(java.lang.Object, java.lang.Object, java.lang.Object)'> (0x0000000714c40cb0) 
thrown [s\src\hotspot\share\interpreter\linkResolver.cpp, line 796]
Event: 4.940 Thread 0x000001b2c65089f0 Exception <a 'java/lang/NoSuchMethodError'{0x0000000709b96f10}: 'void java.lang.invoke.DirectMethodHandle$Holder.invokeSpecial(java.lang.Object, java.lang.Object, java.lang.Object, java.lang.Object, java.lang.Object, java.lang.Object)'> (0x0000000709b96f10) 
thrown [s\src\hotspot\share\interpreter\linkResolver.cpp, line 796]
Event: 4.960 Thread 0x000001b2c65089f0 Exception <a 'java/lang/NoSuchMethodError'{0x0000000709821148}: 'long java.lang.invoke.DirectMethodHandle$Holder.invokeInterface(java.lang.Object, java.lang.Object)'> (0x0000000709821148) 
thrown [s\src\hotspot\share\interpreter\linkResolver.cpp, line 796]
Event: 4.961 Thread 0x000001b2c65089f0 Exception <a 'java/lang/NoSuchMethodError'{0x0000000709824de8}: 'long java.lang.invoke.DelegatingMethodHandle$Holder.reinvoke_L(java.lang.Object, java.lang.Object)'> (0x0000000709824de8) 
thrown [s\src\hotspot\share\interpreter\linkResolver.cpp, line 796]
Event: 6.597 Thread 0x000001b2c65089f0 Exception <a 'java/lang/NoSuchMethodError'{0x0000000709251ff8}: 'java.lang.Object java.lang.invoke.DirectMethodHandle$Holder.invokeSpecialIFC(java.lang.Object, java.lang.Object, java.lang.Object)'> (0x0000000709251ff8) 
thrown [s\src\hotspot\share\interpreter\linkResolver.cpp, line 796]
Event: 6.834 Thread 0x000001b2c65089f0 Exception <a 'java/lang/ClassNotFoundException'{0x0000000708e04eb8}: sun/util/logging/resources/spi/loggingProvider> (0x0000000708e04eb8) 
thrown [s\src\hotspot\share\classfile\systemDictionary.cpp, line 313]
Event: 7.731 Thread 0x000001b2c65089f0 Exception <a 'java/lang/NoSuchMethodError'{0x0000000708ef4e20}: 'void java.lang.invoke.DelegatingMethodHandle$Holder.reinvoke_L(java.lang.Object, java.lang.Object, long)'> (0x0000000708ef4e20) 
thrown [s\src\hotspot\share\interpreter\linkResolver.cpp, line 796]
Event: 7.732 Thread 0x000001b2c65089f0 Exception <a 'java/lang/NoSuchMethodError'{0x0000000708efb680}: 'long java.lang.invoke.Invokers$Holder.invokeExact_MT(java.lang.Object, java.lang.Object, java.lang.Object)'> (0x0000000708efb680) 
thrown [s\src\hotspot\share\interpreter\linkResolver.cpp, line 796]
Event: 8.249 Thread 0x000001b2c65089f0 Exception <a 'java/lang/NoSuchMethodError'{0x0000000708cd4138}: 'void java.lang.invoke.DirectMethodHandle$Holder.invokeInterface(java.lang.Object, java.lang.Object)'> (0x0000000708cd4138) 
thrown [s\src\hotspot\share\interpreter\linkResolver.cpp, line 796]
Event: 9.219 Thread 0x000001b2c6854ef0 Exception <a 'java/net/ConnectException'{0x000000070829fc58}: Connection refused: getsockopt> (0x000000070829fc58) 
thrown [s\src\hotspot\share\prims\jni.cpp, line 539]
Event: 9.233 Thread 0x000001b2c6854ef0 Exception <a 'java/net/ConnectException'{0x00000007082a0c48}: Connection refused: getsockopt> (0x00000007082a0c48) 
thrown [s\src\hotspot\share\prims\jni.cpp, line 539]
Event: 14.261 Thread 0x000001b2c6854ef0 Exception <a 'java/net/ConnectException'{0x00000007082ac258}: Connection refused: getsockopt> (0x00000007082ac258) 
thrown [s\src\hotspot\share\prims\jni.cpp, line 539]
Event: 14.276 Thread 0x000001b2c6854ef0 Exception <a 'java/net/ConnectException'{0x00000007082ad2c8}: Connection refused: getsockopt> (0x00000007082ad2c8) 
thrown [s\src\hotspot\share\prims\jni.cpp, line 539]
Event: 14.307 Thread 0x000001b2c6854ef0 Exception <a 'java/net/ConnectException'{0x00000007082ae338}: Connection refused: getsockopt> (0x00000007082ae338) 
thrown [s\src\hotspot\share\prims\jni.cpp, line 539]
Event: 19.790 Thread 0x000001b2c65089f0 Exception <a 'java/lang/ClassNotFoundException'{0x0000000713aaec88}: sun/misc/SharedSecrets> (0x0000000713aaec88) 
thrown [s\src\hotspot\share\classfile\systemDictionary.cpp, line 313]

VM Operations (20 events):
Event: 1022.411 Executing VM operation: RendezvousGCThreads
Event: 1022.411 Executing VM operation: RendezvousGCThreads done
Event: 1082.462 Executing VM operation: HandshakeAllThreads (HandshakeForDeflation)
Event: 1082.462 Executing VM operation: HandshakeAllThreads (HandshakeForDeflation) done
Event: 1082.462 Executing VM operation: RendezvousGCThreads
Event: 1082.462 Executing VM operation: RendezvousGCThreads done
Event: 1113.948 Executing VM operation: G1CollectForAllocation (G1 Evacuation Pause)
Event: 1113.955 Executing VM operation: G1CollectForAllocation (G1 Evacuation Pause) done
Event: 1113.980 Executing VM operation: G1PauseRemark
Event: 1113.986 Executing VM operation: G1PauseRemark done
Event: 1113.991 Executing VM operation: G1PauseCleanup
Event: 1113.991 Executing VM operation: G1PauseCleanup done
Event: 1142.511 Executing VM operation: HandshakeAllThreads (HandshakeForDeflation)
Event: 1142.511 Executing VM operation: HandshakeAllThreads (HandshakeForDeflation) done
Event: 1142.511 Executing VM operation: RendezvousGCThreads
Event: 1142.511 Executing VM operation: RendezvousGCThreads done
Event: 1202.736 Executing VM operation: HandshakeAllThreads (HandshakeForDeflation)
Event: 1202.736 Executing VM operation: HandshakeAllThreads (HandshakeForDeflation) done
Event: 1202.736 Executing VM operation: RendezvousGCThreads
Event: 1202.736 Executing VM operation: RendezvousGCThreads done

Memory protections (0 events):
No events

Nmethod flushes (20 events):
Event: 1113.985 Thread 0x000001b2e672da10 flushing  nmethod 0x000001b2cfcdfc08
Event: 1113.985 Thread 0x000001b2e672da10 flushing  nmethod 0x000001b2cfce0508
Event: 1113.985 Thread 0x000001b2e672da10 flushing  nmethod 0x000001b2cfce0f08
Event: 1113.985 Thread 0x000001b2e672da10 flushing  nmethod 0x000001b2cfce1788
Event: 1113.985 Thread 0x000001b2e672da10 flushing  nmethod 0x000001b2cfce7108
Event: 1113.985 Thread 0x000001b2e672da10 flushing  nmethod 0x000001b2cfce8488
Event: 1113.985 Thread 0x000001b2e672da10 flushing  nmethod 0x000001b2cfcff908
Event: 1113.985 Thread 0x000001b2e672da10 flushing  nmethod 0x000001b2cfd01508
Event: 1113.985 Thread 0x000001b2e672da10 flushing  nmethod 0x000001b2cfd04c88
Event: 1113.985 Thread 0x000001b2e672da10 flushing  nmethod 0x000001b2cfd05388
Event: 1113.985 Thread 0x000001b2e672da10 flushing  nmethod 0x000001b2cfd06388
Event: 1113.985 Thread 0x000001b2e672da10 flushing  nmethod 0x000001b2cfd07288
Event: 1113.985 Thread 0x000001b2e672da10 flushing  nmethod 0x000001b2cfd08788
Event: 1113.985 Thread 0x000001b2e672da10 flushing  nmethod 0x000001b2cfd23888
Event: 1113.985 Thread 0x000001b2e672da10 flushing  nmethod 0x000001b2cfd28108
Event: 1113.985 Thread 0x000001b2e672da10 flushing  nmethod 0x000001b2cfd4c308
Event: 1113.985 Thread 0x000001b2e672da10 flushing  nmethod 0x000001b2cfdc0f88
Event: 1113.985 Thread 0x000001b2e672da10 flushing  nmethod 0x000001b2cfde5908
Event: 1113.985 Thread 0x000001b2e672da10 flushing  nmethod 0x000001b2cfe30e88
Event: 1113.985 Thread 0x000001b2e672da10 flushing  nmethod 0x000001b2cfe32008

Events (20 events):
Event: 9.271 Thread 0x000001b2c65089f0 Thread added: 0x000001b2c7157400
Event: 10.355 Thread 0x000001b2c66508f0 Thread exited: 0x000001b2c66508f0
Event: 10.397 Thread 0x000001b2c65089f0 Thread added: 0x000001b2c71594d0
Event: 10.531 Thread 0x000001b2c65089f0 Thread added: 0x000001b2c71566e0
Event: 14.163 Thread 0x000001b2e676c540 Thread added: 0x000001b2c50ee560
Event: 14.203 Thread 0x000001b2c65089f0 Thread added: 0x000001b2c71587b0
Event: 14.220 Thread 0x000001b2c71587b0 Thread added: 0x000001b2c715a1f0
Event: 14.220 Thread 0x000001b2c71587b0 Thread added: 0x000001b2c715a880
Event: 14.259 Thread 0x000001b2c65089f0 Thread added: 0x000001b2c715af10
Event: 14.260 Thread 0x000001b2c65089f0 Thread added: 0x000001b2c715b5a0
Event: 14.355 Thread 0x000001b2c50ee560 Thread exited: 0x000001b2c50ee560
Event: 14.364 Thread 0x000001b2c65089f0 Thread added: 0x000001b2c715bc30
Event: 15.493 Thread 0x000001b2c65089f0 Thread added: 0x000001b2c715c2c0
Event: 15.518 Thread 0x000001b2c65089f0 Thread added: 0x000001b2c5fa6f50
Event: 19.650 Thread 0x000001b2c6855580 Thread exited: 0x000001b2c6855580
Event: 74.357 Thread 0x000001b2c6854ef0 Thread exited: 0x000001b2c6854ef0
Event: 75.487 Thread 0x000001b2c5f29060 Thread exited: 0x000001b2c5f29060
Event: 75.518 Thread 0x000001b2c64c5060 Thread exited: 0x000001b2c64c5060
Event: 75.549 Thread 0x000001b2c64c56d0 Thread exited: 0x000001b2c64c56d0
Event: 75.579 Thread 0x000001b2c64c3d80 Thread exited: 0x000001b2c64c3d80


Dynamic libraries:
0x00007ff7d2170000 - 0x00007ff7d217e000 	C:\Users\nimmy\.p2\pool\plugins\org.eclipse.justj.openjdk.hotspot.jre.full.win32.x86_64_23.0.1.v20241024-1700\jre\bin\javaw.exe
0x00007ffd24f20000 - 0x00007ffd25183000 	C:\WINDOWS\SYSTEM32\ntdll.dll
0x00007ffd23c70000 - 0x00007ffd23d38000 	C:\WINDOWS\System32\KERNEL32.DLL
0x00007ffd22610000 - 0x00007ffd229c2000 	C:\WINDOWS\System32\KERNELBASE.dll
0x00007ffd22390000 - 0x00007ffd224db000 	C:\WINDOWS\System32\ucrtbase.dll
0x00007ffd0a140000 - 0x00007ffd0a157000 	C:\Users\nimmy\.p2\pool\plugins\org.eclipse.justj.openjdk.hotspot.jre.full.win32.x86_64_23.0.1.v20241024-1700\jre\bin\jli.dll
0x00007ffd0a090000 - 0x00007ffd0a0ae000 	C:\Users\nimmy\.p2\pool\plugins\org.eclipse.justj.openjdk.hotspot.jre.full.win32.x86_64_23.0.1.v20241024-1700\jre\bin\VCRUNTIME140.dll
0x00007ffd24bc0000 - 0x00007ffd24d88000 	C:\WINDOWS\System32\USER32.dll
0x00007ffd22ca0000 - 0x00007ffd22cc7000 	C:\WINDOWS\System32\win32u.dll
0x00007ffd00480000 - 0x00007ffd00710000 	C:\WINDOWS\WinSxS\amd64_microsoft.windows.common-controls_6595b64144ccf1df_6.0.26100.2454_none_3e0b68a2e331ad60\COMCTL32.dll
0x00007ffd23600000 - 0x00007ffd2362a000 	C:\WINDOWS\System32\GDI32.dll
0x00007ffd224e0000 - 0x00007ffd2260b000 	C:\WINDOWS\System32\gdi32full.dll
0x00007ffd22cd0000 - 0x00007ffd22d73000 	C:\WINDOWS\System32\msvcp_win.dll
0x00007ffd22ec0000 - 0x00007ffd22f69000 	C:\WINDOWS\System32\msvcrt.dll
0x00007ffd23d40000 - 0x00007ffd23d6f000 	C:\WINDOWS\System32\IMM32.DLL
0x00007ffd17a90000 - 0x00007ffd17a9c000 	C:\Users\nimmy\.p2\pool\plugins\org.eclipse.justj.openjdk.hotspot.jre.full.win32.x86_64_23.0.1.v20241024-1700\jre\bin\vcruntime140_1.dll
0x00007ffcd4520000 - 0x00007ffcd45ad000 	C:\Users\nimmy\.p2\pool\plugins\org.eclipse.justj.openjdk.hotspot.jre.full.win32.x86_64_23.0.1.v20241024-1700\jre\bin\msvcp140.dll
0x00007ffc93ec0000 - 0x00007ffc94c8d000 	C:\Users\nimmy\.p2\pool\plugins\org.eclipse.justj.openjdk.hotspot.jre.full.win32.x86_64_23.0.1.v20241024-1700\jre\bin\server\jvm.dll
0x00007ffd24310000 - 0x00007ffd243c4000 	C:\WINDOWS\System32\ADVAPI32.dll
0x00007ffd22e10000 - 0x00007ffd22eb6000 	C:\WINDOWS\System32\sechost.dll
0x00007ffd241f0000 - 0x00007ffd24306000 	C:\WINDOWS\System32\RPCRT4.dll
0x00007ffd243d0000 - 0x00007ffd24444000 	C:\WINDOWS\System32\WS2_32.dll
0x00007ffd22180000 - 0x00007ffd221ce000 	C:\WINDOWS\SYSTEM32\POWRPROF.dll
0x00007ffd13230000 - 0x00007ffd1323b000 	C:\WINDOWS\SYSTEM32\VERSION.dll
0x00007ffd139b0000 - 0x00007ffd139e6000 	C:\WINDOWS\SYSTEM32\WINMM.dll
0x00007ffd22160000 - 0x00007ffd22174000 	C:\WINDOWS\SYSTEM32\UMPDC.dll
0x00007ffd21100000 - 0x00007ffd2111a000 	C:\WINDOWS\SYSTEM32\kernel.appcore.dll
0x00007ffcff050000 - 0x00007ffcff05a000 	C:\Users\nimmy\.p2\pool\plugins\org.eclipse.justj.openjdk.hotspot.jre.full.win32.x86_64_23.0.1.v20241024-1700\jre\bin\jimage.dll
0x00007ffd1fd20000 - 0x00007ffd1ff61000 	C:\WINDOWS\SYSTEM32\DBGHELP.DLL
0x00007ffd231a0000 - 0x00007ffd2351e000 	C:\WINDOWS\System32\combase.dll
0x00007ffd24d90000 - 0x00007ffd24e66000 	C:\WINDOWS\System32\OLEAUT32.dll
0x00007ffcf4e50000 - 0x00007ffcf4e89000 	C:\WINDOWS\SYSTEM32\dbgcore.DLL
0x00007ffd222f0000 - 0x00007ffd22389000 	C:\WINDOWS\System32\bcryptPrimitives.dll
0x00007ffcc2d30000 - 0x00007ffcc2d4e000 	C:\Users\nimmy\.p2\pool\plugins\org.eclipse.justj.openjdk.hotspot.jre.full.win32.x86_64_23.0.1.v20241024-1700\jre\bin\java.dll
0x00007ffd23640000 - 0x00007ffd237d9000 	C:\WINDOWS\System32\ole32.dll
0x00007ffd244b0000 - 0x00007ffd24bb0000 	C:\WINDOWS\System32\SHELL32.dll
0x00007ffd1ffc0000 - 0x00007ffd207f1000 	C:\WINDOWS\SYSTEM32\windows.storage.dll
0x00007ffd22f80000 - 0x00007ffd2305a000 	C:\WINDOWS\System32\SHCORE.dll
0x00007ffd24e70000 - 0x00007ffd24ecd000 	C:\WINDOWS\System32\shlwapi.dll
0x00007ffd22200000 - 0x00007ffd2222e000 	C:\WINDOWS\SYSTEM32\profapi.dll
0x00007ffceae50000 - 0x00007ffceae60000 	C:\Users\nimmy\.p2\pool\plugins\org.eclipse.justj.openjdk.hotspot.jre.full.win32.x86_64_23.0.1.v20241024-1700\jre\bin\net.dll
0x00007ffd215e0000 - 0x00007ffd21648000 	C:\WINDOWS\system32\mswsock.dll
0x00007ffcbc980000 - 0x00007ffcbc996000 	C:\Users\nimmy\.p2\pool\plugins\org.eclipse.justj.openjdk.hotspot.jre.full.win32.x86_64_23.0.1.v20241024-1700\jre\bin\nio.dll
0x00007ffcbf0c0000 - 0x00007ffcbf0d7000 	C:\Users\nimmy\.p2\pool\plugins\org.eclipse.justj.openjdk.hotspot.jre.full.win32.x86_64_23.0.1.v20241024-1700\jre\bin\zip.dll
0x00007ffd19c50000 - 0x00007ffd19c60000 	C:\Users\nimmy\.p2\pool\plugins\org.eclipse.justj.openjdk.hotspot.jre.full.win32.x86_64_23.0.1.v20241024-1700\jre\bin\verify.dll
0x00007ffd20b40000 - 0x00007ffd20c65000 	C:\WINDOWS\SYSTEM32\DNSAPI.dll
0x00007ffd20b00000 - 0x00007ffd20b32000 	C:\WINDOWS\SYSTEM32\IPHLPAPI.DLL
0x00007ffd22f70000 - 0x00007ffd22f7a000 	C:\WINDOWS\System32\NSI.dll
0x00007ffd191b0000 - 0x00007ffd191bb000 	C:\Windows\System32\rasadhlp.dll
0x00007ffd1d540000 - 0x00007ffd1d5c5000 	C:\WINDOWS\System32\fwpuclnt.dll
0x00007ffd0a030000 - 0x00007ffd0a039000 	C:\Users\nimmy\.p2\pool\plugins\org.eclipse.justj.openjdk.hotspot.jre.full.win32.x86_64_23.0.1.v20241024-1700\jre\bin\extnet.dll
0x00007ffd218b0000 - 0x00007ffd218cc000 	C:\WINDOWS\SYSTEM32\CRYPTSP.dll
0x00007ffd21060000 - 0x00007ffd21098000 	C:\WINDOWS\system32\rsaenh.dll
0x00007ffd21680000 - 0x00007ffd216ab000 	C:\WINDOWS\SYSTEM32\USERENV.dll
0x00007ffd21aa0000 - 0x00007ffd21ac6000 	C:\WINDOWS\SYSTEM32\bcrypt.dll
0x00007ffd218d0000 - 0x00007ffd218dc000 	C:\WINDOWS\SYSTEM32\CRYPTBASE.dll
0x00007ffd08e60000 - 0x00007ffd08e6a000 	C:\Users\nimmy\.p2\pool\plugins\org.eclipse.justj.openjdk.hotspot.jre.full.win32.x86_64_23.0.1.v20241024-1700\jre\bin\management.dll
0x00007ffd046c0000 - 0x00007ffd046cb000 	C:\Users\nimmy\.p2\pool\plugins\org.eclipse.justj.openjdk.hotspot.jre.full.win32.x86_64_23.0.1.v20241024-1700\jre\bin\management_ext.dll
0x00007ffd23d80000 - 0x00007ffd23d88000 	C:\WINDOWS\System32\PSAPI.DLL
0x00007ffd16c00000 - 0x00007ffd16c0e000 	C:\Users\nimmy\.p2\pool\plugins\org.eclipse.justj.openjdk.hotspot.jre.full.win32.x86_64_23.0.1.v20241024-1700\jre\bin\sunmscapi.dll
0x00007ffd22a60000 - 0x00007ffd22bd6000 	C:\WINDOWS\System32\CRYPT32.dll
0x00007ffd21a60000 - 0x00007ffd21a90000 	C:\WINDOWS\SYSTEM32\ncrypt.dll
0x00007ffd21a10000 - 0x00007ffd21a4f000 	C:\WINDOWS\SYSTEM32\NTASN1.dll
0x00007ffcf3f10000 - 0x00007ffcf3f18000 	C:\WINDOWS\system32\wshunix.dll

dbghelp: loaded successfully - version: 4.0.5 - missing functions: none
symbol engine: initialized successfully - sym options: 0x614 - pdb path: .;C:\Users\nimmy\.p2\pool\plugins\org.eclipse.justj.openjdk.hotspot.jre.full.win32.x86_64_23.0.1.v20241024-1700\jre\bin;C:\WINDOWS\SYSTEM32;C:\WINDOWS\WinSxS\amd64_microsoft.windows.common-controls_6595b64144ccf1df_6.0.26100.2454_none_3e0b68a2e331ad60;C:\Users\nimmy\.p2\pool\plugins\org.eclipse.justj.openjdk.hotspot.jre.full.win32.x86_64_23.0.1.v20241024-1700\jre\bin\server

VM Arguments:
jvm_args: -ea -Dfile.encoding=UTF-8 -Dstdout.encoding=UTF-8 -Dstderr.encoding=UTF-8 -XX:+ShowCodeDetailsInExceptionMessages 
java_command: org.testng.remote.RemoteTestNG -serport 64660 -protocol json -d C:\Users\nimmy\eclipse-workspace\com.sevenrmartsupermarket\test-output C:\Users\nimmy\eclipse-workspace\com.sevenrmartsupermarket\src\main\resources\xml-suites\parallel.xml
java_class_path (initial): C:\Users\nimmy\eclipse\java-2024-09\eclipse\configuration\org.eclipse.osgi\526\0\.cp\lib\testng-remote.jar;C:\Users\nimmy\eclipse-workspace\com.sevenrmartsupermarket\target\test-classes;C:\Users\nimmy\eclipse-workspace\com.sevenrmartsupermarket\target\classes;C:\Users\nimmy\.m2\repository\org\seleniumhq\selenium\selenium-java\4.8.3\selenium-java-4.8.3.jar;C:\Users\nimmy\.m2\repository\org\seleniumhq\selenium\selenium-api\4.8.3\selenium-api-4.8.3.jar;C:\Users\nimmy\.m2\repository\org\seleniumhq\selenium\selenium-chrome-driver\4.8.3\selenium-chrome-driver-4.8.3.jar;C:\Users\nimmy\.m2\repository\com\google\auto\service\auto-service-annotations\1.0.1\auto-service-annotations-1.0.1.jar;C:\Users\nimmy\.m2\repository\com\google\auto\service\auto-service\1.0.1\auto-service-1.0.1.jar;C:\Users\nimmy\.m2\repository\com\google\auto\auto-common\1.2\auto-common-1.2.jar;C:\Users\nimmy\.m2\repository\com\google\guava\guava\31.1-jre\guava-31.1-jre.jar;C:\Users\nimmy\.m2\repository\com\google\guava\failureaccess\1.0.1\failureaccess-1.0.1.jar;C:\Users\nimmy\.m2\repository\com\google\guava\listenablefuture\9999.0-empty-to-avoid-conflict-with-guava\listenablefuture-9999.0-empty-to-avoid-conflict-with-guava.jar;C:\Users\nimmy\.m2\repository\com\google\code\findbugs\jsr305\3.0.2\jsr305-3.0.2.jar;C:\Users\nimmy\.m2\repository\org\checkerframework\checker-qual\3.12.0\checker-qual-3.12.0.jar;C:\Users\nimmy\.m2\repository\com\google\j2objc\j2objc-annotations\1.3\j2objc-annotations-1.3.jar;C:\Users\nimmy\.m2\repository\org\seleniumhq\selenium\selenium-chromium-driver\4.8.3\selenium-chromium-driver-4.8.3.jar;C:\Users\nimmy\.m2\repository\org\seleniumhq\selenium\selenium-json\4.8.3\selenium-json-4.8.3.jar;C:\Users\nimmy\.m2\repository\org\seleniumhq\selenium\selenium-manager\4.8.3\selenium-manager-4.8.3.jar;C:\Users\nimmy\.m2\repository\org\seleniumhq\selenium\selenium-devtools-v109\4.8.3\selenium-devtools-v109-4.8.3.jar;C:\Users\nimmy\.m2\repository\org\seleniumhq\selenium\selenium-devtools-v110\4.8.3\selenium-devtools-v110-4.8.3.jar;C:\Users\nimmy\.m2\repository\org\seleniumhq\selenium\selenium-devtools-v111\4.8.3\selenium-devtools-v111-4.8.3.jar;C:\Users\nimmy\.m2\repository\org\seleniumhq\selenium\selenium-devtools-v85\4.8.3\selenium-devtools-v85-4.8.3.jar;C:\Users\nimmy\.m2\repository\org\seleniumhq\selenium\selenium-edge-driver\4.8.3\selenium-edge-driver-4.8.3.jar;C:\Users\nimmy\.m2\repository\org\seleniumhq\selenium\selenium-firefox-driver\4.8.3\selenium-firefox-driver-4.8.3.jar;C:\Users\nimmy\.m2\repository\org\seleniumhq\selenium\selenium-http\4.8.3\selenium-http-4.8.3.jar;C:\Users\nimmy\.m2\repository\dev\failsafe\failsafe\3.3.1\failsafe-3.3.1.jar;C:\Users\nimmy\.m2\repository\org\seleniumhq\selenium\selenium-ie-driver\4.8.3\selenium-ie-driver-4.8.3.jar;C:\Users\nimmy\.m2\repository\org\seleniumhq\selenium\selenium-remote-driver\4.8.3\selenium-remote-driver-4.8.3.jar;C:\Users\nimmy\.m2\repository\io\netty\netty-buffer\4.1.90.Final\netty-buffer-4.1.90.Final.jar;C:\Users\nimmy\.m2\repository\io\netty\netty-codec-http\4.1.90.Final\netty-codec-http-4.1.90.Final.jar;C:\Users\nimmy\.m2\repository\io\netty\netty-codec\4.1.90.Final\netty-codec-4.1.90.Final.jar;C:\Users\nimmy\.m2\repository\io\netty\netty-handler\4.1.90.Final\netty-handler-4.1.90.Final.jar;C:\Users\nimmy\.m2\repository\io\netty\netty-common\4.1.90.Final\netty-common-4.1.90.Final.jar;C:\Users\nimmy\.m2\repository\io\netty\netty-transport-classes-epoll\4.1.90.Final\netty-transport-classes-epoll-4.1.90.Final.jar;C:\Users\nimmy\.m2\repository\io\netty\netty-transport-classes-kqueue\4.1.90.Final\netty-transport-classes-kqueue-4.1.90.Final.jar;C:\Users\nimmy\.m2\repository\io\netty\netty-transport-native-epoll\4.1.90.Final\netty-transport-native-epoll-4.1.90.Final.jar;C:\Users\nimmy\.m2\repository\io\netty\netty-transport-native-kqueue\4.1.90.Final\netty-transport-native-kqueue-4.1.90.Final.jar;C:\Users\nimmy\.m2\repository\io\netty\netty-transport-native-unix-common\4.1.90.Final\netty-transport-native-unix-common-4.1.90.Final.jar;C:\Users\nimmy\.m2\repository\io\netty\netty-transport\4.1.90.Final\netty-transport-4.1.90.Final.jar;C:\Users\nimmy\.m2\repository\io\netty\netty-resolver\4.1.90.Final\netty-resolver-4.1.90.Final.jar;C:\Users\nimmy\.m2\repository\io\opentelemetry\opentelemetry-api\1.24.0\opentelemetry-api-1.24.0.jar;C:\Users\nimmy\.m2\repository\io\opentelemetry\opentelemetry-context\1.24.0\opentelemetry-context-1.24.0.jar;C:\Users\nimmy\.m2\repository\io\opentelemetry\opentelemetry-exporter-logging\1.24.0\opentelemetry-exporter-logging-1.24.0.jar;C:\Users\nimmy\.m2\repository\io\opentelemetry\opentelemetry-sdk-metrics\1.24.0\opentelemetry-sdk-metrics-1.24.0.jar;C:\Users\nimmy\.m2\repository\io\opentelemetry\opentelemetry-sdk-logs\1.24.0-alpha\opentelemetry-sdk-logs-1.24.0-alpha.jar;C:\Users\nimmy\.m2\repository\io\opentelemetry\opentelemetry-api-logs\1.24.0-alpha\opentelemetry-api-logs-1.24.0-alpha.jar;C:\Users\nimmy\.m2\repository\io\opentelemetry\opentelemetry-api-events\1.24.0-alpha\opentelemetry-api-events-1.24.0-alpha.jar;C:\Users\nimmy\.m2\repository\io\opentelemetry\opentelemetry-sdk-common\1.24.0\opentelemetry-sdk-common-1.24.0.jar;C:\Users\nimmy\.m2\repository\io\opentelemetry\opentelemetry-sdk-extension-autoconfigure-spi\1.24.0\opentelemetry-sdk-extension-autoconfigure-spi-1.24.0.jar;C:\Users\nimmy\.m2\repository\io\opentelemetry\opentelemetry-sdk-extension-autoconfigure\1.24.0-alpha\opentelemetry-sdk-extension-autoconfigure-1.24.0-alpha.jar;C:\Users\nimmy\.m2\repository\io\opentelemetry\opentelemetry-sdk-trace\1.24.0\opentelemetry-sdk-trace-1.24.0.jar;C:\Users\nimmy\.m2\repository\io\opentelemetry\opentelemetry-sdk\1.24.0\opentelemetry-sdk-1.24.0.jar;C:\Users\nimmy\.m2\repository\io\opentelemetry\opentelemetry-semconv\1.24.0-alpha\opentelemetry-semconv-1.24.0-alpha.jar;C:\Users\nimmy\.m2\repository\io\ous\jtoml\2.0.0\jtoml-2.0.0.jar;C:\Users\nimmy\.m2\repository\net\bytebuddy\byte-buddy\1.14.2\byte-buddy-1.14.2.jar;C:\Users\nimmy\.m2\repository\org\apache\commons\commons-exec\1.3\commons-exec-1.3.jar;C:\Users\nimmy\.m2\repository\org\asynchttpclient\async-http-client\2.12.3\async-http-client-2.12.3.jar;C:\Users\nimmy\.m2\repository\org\asynchttpclient\async-http-client-netty-utils\2.12.3\async-http-client-netty-utils-2.12.3.jar;C:\Users\nimmy\.m2\repository\io\netty\netty-codec-socks\4.1.60.Final\netty-codec-socks-4.1.60.Final.jar;C:\Users\nimmy\.m2\repository\io\netty\netty-handler-proxy\4.1.60.Final\netty-handler-proxy-4.1.60.Final.jar;C:\Users\nimmy\.m2\repository\io\netty\netty-transport-native-epoll\4.1.60.Final\netty-transport-native-epoll-4.1.60.Final-linux-x86_64.jar;C:\Users\nimmy\.m2\repository\io\netty\netty-transport-native-kqueue\4.1.60.Final\netty-transport-native-kqueue-4.1.60.Final-osx-x86_64.jar;C:\Users\nimmy\.m2\repository\org\reactivestreams\reactive-streams\1.0.3\reactive-streams-1.0.3.jar;C:\Users\nimmy\.m2\repository\com\typesafe\netty\netty-reactive-streams\2.0.4\netty-reactive-streams-2.0.4.jar;C:\Users\nimmy\.m2\repository\com\sun\activation\jakarta.activation\1.2.2\jakarta.activation-1.2.2.jar;C:\Users\nimmy\.m2\repository\org\seleniumhq\selenium\selenium-safari-driver\4.8.3\selenium-safari-driver-4.8.3.jar;C:\Users\nimmy\.m2\repository\org\seleniumhq\selenium\selenium-support\4.8.3\selenium-support-4.8.3.jar;C:\Users\nimmy\.m2\repository\org\testng\testng\7.10.2\testng-7.10.2.jar;C:\Users\nimmy\.m2\repository\org\slf4j\slf4j-api\1.7.36\slf4j-api-1.7.36.jar;C:\Users\nimmy\.m2\repository\com\beust\jcommander\1.82\jcommander-1.82.jar;C:\Users\nimmy\.m2\repository\org\webjars\jquery\3.7.1\jquery-3.7.1.jar;C:\Users\nimmy\.m2\repository\io\github\bonigarcia\webdrivermanager\5.9.2\webdrivermanager-5.9.2.jar;C:\Users\nimmy\.m2\repository\com\google\code\gson\gson\2.11.0\gson-2.11.0.jar;C:\Users\nimmy\.m2\repository\com\google\errorprone\error_prone_annotations\2.27.0\error_prone_annotations-2.27.0.jar;C:\Users\nimmy\.m2\repository\com\github\docker-java\docker-java\3.4.0\docker-java-3.4.0.jar;C:\Users\nimmy\.m2\repository\com\github\docker-java\docker-java-core\3.4.0\docker-java-core-3.4.0.jar;C:\Users\nimmy\.m2\repository\com\github\docker-java\docker-java-api\3.4.0\docker-java-api-3.4.0.jar;C:\Users\nimmy\.m2\repository\com\fasterxml\jackson\core\jackson-annotations\2.10.3\jackson-annotations-2.10.3.jar;C:\Users\nimmy\.m2\repository\com\fasterxml\jackson\core\jackson-databind\2.10.3\jackson-databind-2.10.3.jar;C:\Users\nimmy\.m2\repository\com\fasterxml\jackson\core\jackson-core\2.10.3\jackson-core-2.10.3.jar;C:\Users\nimmy\.m2\repository\com\github\docker-java\docker-java-transport-httpclient5\3.4.0\docker-java-transport-httpclient5-3.4.0.jar;C:\Users\nimmy\.m2\repository\com\github\docker-java\docker-java-transport\3.4.0\docker-java-transport-3.4.0.jar;C:\Users\nimmy\.m2\repository\net\java\dev\jna\jna\5.13.0\jna-5.13.0.jar;C:\Users\nimmy\.m2\repository\org\brotli\dec\0.1.2\dec-0.1.2.jar;C:\Users\nimmy\.m2\repository\org\apache\commons\commons-lang3\3.15.0\commons-lang3-3.15.0.jar;C:\Users\nimmy\.m2\repository\org\apache\commons\commons-compress\1.26.2\commons-compress-1.26.2.jar;C:\Users\nimmy\.m2\repository\commons-io\commons-io\2.16.1\commons-io-2.16.1.jar;C:\Users\nimmy\.m2\repository\org\apache\httpcomponents\client5\httpclient5\5.2.1\httpclient5-5.2.1.jar;C:\Users\nimmy\.m2\repository\org\apache\httpcomponents\core5\httpcore5\5.2\httpcore5-5.2.jar;C:\Users\nimmy\.m2\repository\org\apache\httpcomponents\core5\httpcore5-h2\5.2\httpcore5-h2-5.2.jar;C:\Users\nimmy\.m2\repository\org\apache\poi\poi\5.0.0\poi-5.0.0.jar;C:\Users\nimmy\.m2\repository\org\slf4j\jcl-over-slf4j\1.7.30\jcl-over-slf4j-1.7.30.jar;C:\Users\nimmy\.m2\repository\commons-codec\commons-codec\1.15\commons-codec-1.15.jar;C:\Users\nimmy\.m2\repository\org\apache\commons\commons-collections4\4.4\commons-collections4-4.4.jar;C:\Users\nimmy\.m2\repository\org\apache\commons\commons-math3\3.6.1\commons-math3-3.6.1.jar;C:\Users\nimmy\.m2\repository\com\zaxxer\SparseBitSet\1.2\SparseBitSet-1.2.jar;C:\Users\nimmy\.m2\repository\org\apache\poi\poi-ooxml\5.0.0\poi-ooxml-5.0.0.jar;C:\Users\nimmy\.m2\repository\org\apache\poi\poi-ooxml-lite\5.0.0\poi-ooxml-lite-5.0.0.jar;C:\Users\nimmy\.m2\repository\org\apache\xmlbeans\xmlbeans\4.0.0\xmlbeans-4.0.0.jar;C:\Users\nimmy\.m2\repository\com\github\virtuald\curvesapi\1.06\curvesapi-1.06.jar;C:\Users\nimmy\.m2\repository\org\bouncycastle\bcpkix-jdk15on\1.68\bcpkix-jdk15on-1.68.jar;C:\Users\nimmy\.m2\repository\org\bouncycastle\bcprov-jdk15on\1.68\bcprov-jdk15on-1.68.jar;C:\Users\nimmy\.m2\repository\org\apache\santuario\xmlsec\2.2.1\xmlsec-2.2.1.jar;C:\Users\nimmy\.m2\repository\com\fasterxml\woodstox\woodstox-core\5.2.1\woodstox-core-5.2.1.jar;C:\Users\nimmy\.m2\repository\org\codehaus\woodstox\stax2-api\4.2\stax2-api-4.2.jar;C:\Users\nimmy\.m2\repository\jakarta\xml\bind\jakarta.xml.bind-api\2.3.2\jakarta.xml.bind-api-2.3.2.jar;C:\Users\nimmy\.m2\repository\jakarta\activation\jakarta.activation-api\1.2.1\jakarta.activation-api-1.2.1.jar;C:\Users\nimmy\.m2\repository\org\apache\xmlgraphics\batik-all\1.13\batik-all-1.13.jar;C:\Users\nimmy\.m2\repository\org\apache\xmlgraphics\batik-anim\1.13\batik-anim-1.13.jar;C:\Users\nimmy\.m2\repository\org\apache\xmlgraphics\batik-shared-resources\1.13\batik-shared-resources-1.13.jar;C:\Users\nimmy\.m2\repository\xml-apis\xml-apis-ext\1.3.04\xml-apis-ext-1.3.04.jar;C:\Users\nimmy\.m2\repository\org\apache\xmlgraphics\batik-awt-util\1.13\batik-awt-util-1.13.jar;C:\Users\nimmy\.m2\repository\org\apache\xmlgraphics\xmlgraphics-commons\2.4\xmlgraphics-commons-2.4.jar;C:\Users\nimmy\.m2\repository\org\apache\xmlgraphics\batik-bridge\1.13\batik-bridge-1.13.jar;C:\Users\nimmy\.m2\repository\org\apache\xmlgraphics\batik-codec\1.13\batik-codec-1.13.jar;C:\Users\nimmy\.m2\repository\org\apache\xmlgraphics\batik-constants\1.13\batik-constants-1.13.jar;C:\Users\nimmy\.m2\repository\org\apache\xmlgraphics\batik-css\1.13\batik-css-1.13.jar;C:\Users\nimmy\.m2\repository\org\apache\xmlgraphics\batik-dom\1.13\batik-dom-1.13.jar;C:\Users\nimmy\.m2\repository\xalan\xalan\2.7.2\xalan-2.7.2.jar;C:\Users\nimmy\.m2\repository\xalan\serializer\2.7.2\serializer-2.7.2.jar;C:\Users\nimmy\.m2\repository\xml-apis\xml-apis\1.4.01\xml-apis-1.4.01.jar;C:\Users\nimmy\.m2\repository\org\apache\xmlgraphics\batik-ext\1.13\batik-ext-1.13.jar;C:\Users\nimmy\.m2\repository\org\apache\xmlgraphics\batik-extension\1.13\batik-extension-1.13.jar;C:\Users\nimmy\.m2\repository\org\apache\xmlgraphics\batik-gui-util\1.13\batik-gui-util-1.13.jar;C:\Users\nimmy\.m2\repository\org\apache\xmlgraphics\batik-gvt\1.13\batik-gvt-1.13.jar;C:\Users\nimmy\.m2\repository\org\apache\xmlgraphics\batik-i18n\1.13\batik-i18n-1.13.jar;C:\Users\nimmy\.m2\repository\org\apache\xmlgraphics\batik-parser\1.13\batik-parser-1.13.jar;C:\Users\nimmy\.m2\repository\org\apache\xmlgraphics\batik-rasterizer-ext\1.13\batik-rasterizer-ext-1.13.jar;C:\Users\nimmy\.m2\repository\org\apache\xmlgraphics\batik-rasterizer\1.13\batik-rasterizer-1.13.jar;C:\Users\nimmy\.m2\repository\org\apache\xmlgraphics\batik-script\1.13\batik-script-1.13.jar;C:\Users\nimmy\.m2\repository\org\apache\xmlgraphics\batik-slideshow\1.13\batik-slideshow-1.13.jar;C:\Users\nimmy\.m2\repository\org\apache\xmlgraphics\batik-squiggle-ext\1.13\batik-squiggle-ext-1.13.jar;C:\Users\nimmy\.m2\repository\org\apache\xmlgraphics\batik-squiggle\1.13\batik-squiggle-1.13.jar;C:\Users\nimmy\.m2\repository\org\apache\xmlgraphics\batik-svg-dom\1.13\batik-svg-dom-1.13.jar;C:\Users\nimmy\.m2\repository\org\apache\xmlgraphics\batik-svgbrowser\1.13\batik-svgbrowser-1.13.jar;C:\Users\nimmy\.m2\repository\org\apache\xmlgraphics\batik-svggen\1.13\batik-svggen-1.13.jar;C:\Users\nimmy\.m2\repository\org\apache\xmlgraphics\batik-svgpp\1.13\batik-svgpp-1.13.jar;C:\Users\nimmy\.m2\repository\org\apache\xmlgraphics\batik-svgrasterizer\1.13\batik-svgrasterizer-1.13.jar;C:\Users\nimmy\.m2\repository\org\apache\xmlgraphics\batik-swing\1.13\batik-swing-1.13.jar;C:\Users\nimmy\.m2\repository\org\apache\xmlgraphics\batik-transcoder\1.13\batik-transcoder-1.13.jar;C:\Users\nimmy\.m2\repository\org\apache\xmlgraphics\batik-util\1.13\batik-util-1.13.jar;C:\Users\nimmy\.m2\repository\org\apache\xmlgraphics\batik-ttf2svg\1.13\batik-ttf2svg-1.13.jar;C:\Users\nimmy\.m2\repository\org\apache\xmlgraphics\batik-xml\1.13\batik-xml-1.13.jar;C:\Users\nimmy\.m2\repository\de\rototor\pdfbox\graphics2d\0.30\graphics2d-0.30.jar;C:\Users\nimmy\.m2\repository\org\apache\pdfbox\pdfbox\2.0.22\pdfbox-2.0.22.jar;C:\Users\nimmy\.m2\repository\org\apache\pdfbox\fontbox\2.0.22\fontbox-2.0.22.jar;C:\Users\nimmy\.m2\repository\com\relevantcodes\extentreports\2.41.2\extentreports-2.41.2.jar;C:\Users\nimmy\.m2\repository\org\jsoup\jsoup\1.8.3\jsoup-1.8.3.jar;C:\Users\nimmy\.m2\repository\org\xerial\sqlite-jdbc\3.8.11.1\sqlite-jdbc-3.8.11.1.jar;C:\Users\nimmy\.m2\repository\org\freemarker\freemarker\2.3.23\freemarker-2.3.23.jar;C:\Users\nimmy\.m2\repository\org\mongodb\mongodb-driver\3.0.4\mongodb-driver-3.0.4.jar;C:\Users\nimmy\.m2\repository\org\mongodb\bson\3.0.4\bson-3.0.4.jar;C:\Users\nimmy\.m2\repository\org\mongodb\mongodb-driver-core\3.0.4\mongodb-driver-core-3.0.4.jar
Launcher Type: SUN_STANDARD

[Global flags]
     intx CICompilerCount                          = 4                                         {product} {ergonomic}
     uint ConcGCThreads                            = 3                                         {product} {ergonomic}
     uint G1ConcRefinementThreads                  = 10                                        {product} {ergonomic}
   size_t G1HeapRegionSize                         = 2097152                                   {product} {ergonomic}
   size_t InitialHeapSize                          = 264241152                                 {product} {ergonomic}
   size_t MarkStackSize                            = 4194304                                   {product} {ergonomic}
   size_t MarkStackSizeMax                         = 536870912                                 {product} {ergonomic}
   size_t MaxHeapSize                              = 4208984064                                {product} {ergonomic}
   size_t MaxNewSize                               = 2524971008                                {product} {ergonomic}
   size_t MinHeapDeltaBytes                        = 2097152                                   {product} {ergonomic}
   size_t MinHeapSize                              = 8388608                                   {product} {ergonomic}
    uintx NonNMethodCodeHeapSize                   = 5832704                                {pd product} {ergonomic}
    uintx NonProfiledCodeHeapSize                  = 122945536                              {pd product} {ergonomic}
    uintx ProfiledCodeHeapSize                     = 122880000                              {pd product} {ergonomic}
    uintx ReservedCodeCacheSize                    = 251658240                              {pd product} {ergonomic}
     bool SegmentedCodeCache                       = true                                      {product} {ergonomic}
     bool ShowCodeDetailsInExceptionMessages       = true                                   {manageable} {command line}
   size_t SoftMaxHeapSize                          = 4208984064                             {manageable} {ergonomic}
     bool UseCompressedOops                        = true                           {product lp64_product} {ergonomic}
     bool UseG1GC                                  = true                                      {product} {ergonomic}
     bool UseLargePagesIndividualAllocation        = false                                  {pd product} {ergonomic}

Logging:
Log output configuration:
 #0: stdout all=warning uptime,level,tags foldmultilines=false
 #1: stderr all=off uptime,level,tags foldmultilines=false

Environment Variables:
JAVA_HOME=C:\Program Files\Java\jdk-17
PATH=C:/Users/nimmy/.p2/pool/plugins/org.eclipse.justj.openjdk.hotspot.jre.full.win32.x86_64_23.0.1.v20241024-1700/jre/bin/server;C:/Users/nimmy/.p2/pool/plugins/org.eclipse.justj.openjdk.hotspot.jre.full.win32.x86_64_23.0.1.v20241024-1700/jre/bin;C:\Program Files\Common Files\Oracle\Java\javapath;C:\WINDOWS\system32;C:\WINDOWS;C:\WINDOWS\System32\Wbem;C:\WINDOWS\System32\WindowsPowerShell\v1.0\;C:\WINDOWS\System32\OpenSSH\;C:\Program Files\Maven\apache-maven-3.9.9\bin;C:\Program Files\Java\jdk-17\bin;C:\Users\nimmy\AppData\Local\Microsoft\WindowsApps;;C:\Users\nimmy\eclipse\java-2024-09\eclipse;
USERNAME=nimmy
OS=Windows_NT
PROCESSOR_IDENTIFIER=Intel64 Family 6 Model 154 Stepping 4, GenuineIntel
TMP=C:\Users\nimmy\AppData\Local\Temp
TEMP=C:\Users\nimmy\AppData\Local\Temp




Periodic native trim disabled

---------------  S Y S T E M  ---------------

OS:
 Windows 11 , 64 bit Build 26100 (10.0.26100.2454)
OS uptime: 30 days 21:59 hours
Hyper-V role detected

CPU: total 12 (initial active 12) (6 cores per cpu, 2 threads per core) family 6 model 154 stepping 4 microcode 0x42c, cx8, cmov, fxsr, ht, mmx, 3dnowpref, sse, sse2, sse3, ssse3, sse4.1, sse4.2, popcnt, lzcnt, tsc, tscinvbit, avx, avx2, aes, erms, clmul, bmi1, bmi2, adx, sha, fma, vzeroupper, clflush, clflushopt, clwb, hv, serialize, rdtscp, rdpid, fsrm, gfni, f16c, cet_ibt, cet_ss
Processor Information for processor 0
  Max Mhz: 1300, Current Mhz: 1300, Mhz Limit: 1300
Processor Information for processor 1
  Max Mhz: 1300, Current Mhz: 1300, Mhz Limit: 1300
Processor Information for processor 2
  Max Mhz: 1300, Current Mhz: 1300, Mhz Limit: 1300
Processor Information for processor 3
  Max Mhz: 1300, Current Mhz: 1300, Mhz Limit: 1300
Processor Information for processor 4
  Max Mhz: 1300, Current Mhz: 900, Mhz Limit: 897
Processor Information for processor 5
  Max Mhz: 1300, Current Mhz: 900, Mhz Limit: 897
Processor Information for processor 6
  Max Mhz: 1300, Current Mhz: 900, Mhz Limit: 897
Processor Information for processor 7
  Max Mhz: 1300, Current Mhz: 900, Mhz Limit: 897
Processor Information for processor 8
  Max Mhz: 1300, Current Mhz: 900, Mhz Limit: 897
Processor Information for processor 9
  Max Mhz: 1300, Current Mhz: 900, Mhz Limit: 897
Processor Information for processor 10
  Max Mhz: 1300, Current Mhz: 900, Mhz Limit: 897
Processor Information for processor 11
  Max Mhz: 1300, Current Mhz: 900, Mhz Limit: 897

Memory: 4k page, system-wide physical 16052M (1100M free)
TotalPageFile size 32262M (AvailPageFile size 44M)
current process WorkingSet (physical memory assigned to process): 142M, peak: 240M
current process commit charge ("private bytes"): 264M, peak: 396M

vm_info: OpenJDK 64-Bit Server VM (23.0.1+11) for windows-amd64 JRE (23.0.1+11), built on 2024-10-15T00:00:00Z with MS VC++ 17.7 (VS2022)

END.
